<?xml version="1.0" encoding="UTF-8"?>
<!-- Generated by org.testng.reporters.JUnitXMLReporter -->
<testsuite hostname="rpoddar1" name="Test" tests="1" failures="1" timestamp="13 Aug 2020 04:48:09 GMT" time="0.053" errors="0">
  <testcase name="appOpen" time="0.014" classname="caseStudy.Framework.TC04">
    <failure type="java.lang.NullPointerException">
      <![CDATA[java.lang.NullPointerException
	at java.util.Hashtable.get(Hashtable.java:403)
	at java.util.Properties.getProperty(Properties.java:1013)
	at caseStudy.Framework.Capabilities.capability(Capabilities.java:30)
	at caseStudy.Framework.TC04.appOpen(TC04.java:34)
... Removed 24 stack frames]]>
    </failure>
  </testcase> <!-- appOpen -->
</testsuite> <!-- Test -->
