<?xml version="1.0" encoding="UTF-8"?>
<!-- Generated by org.testng.reporters.JUnitXMLReporter -->
<testsuite hostname="rpoddar1" ignored="0" name="Default test" tests="7" failures="0" timestamp="2020-08-19T12:58:06 IST" time="101.062" errors="0">
  <testcase name="TC01_openApp" time="11.103" classname="caseStudy.Framework.TestCase"/>
  <testcase name="TC02_signIn" time="8.455" classname="caseStudy.Framework.TestCase"/>
  <testcase name="TC03_selectLanguage" time="17.433" classname="caseStudy.Framework.TestCase"/>
  <testcase name="TC04_openCourses" time="16.492" classname="caseStudy.Framework.TestCase"/>
  <testcase name="TC05_chromeActions" time="16.976" classname="caseStudy.Framework.TestCase"/>
  <testcase name="TC06_switchToNative" time="5.106" classname="caseStudy.Framework.TestCase"/>
  <testcase name="TC07_signOut" time="5.659" classname="caseStudy.Framework.TestCase"/>
</testsuite> <!-- Default test -->
